[ 2017-06-09T14:43:22+08:00 ] 172.16.67.0 /index.php?m=admin&c=login&a=check
INFO: [ app_begin ] --START--
INFO: Run Behavior\ReadHtmlCacheBehavior [ RunTime:0.000507s ]
INFO: [ app_begin ] --END-- [ RunTime:0.000935s ]
SQL: SHOW COLUMNS FROM `cms_admin` [ RunTime:0.0379s ]
SQL: SELECT * FROM `cms_admin` WHERE ( username="admin" ) LIMIT 1   [ RunTime:0.0167s ]

[ 2017-06-09T15:35:55+08:00 ] 172.16.67.0 /admin.php?c=admin&a=setStatus
INFO: [ app_begin ] --START--
INFO: Run Behavior\ReadHtmlCacheBehavior [ RunTime:0.000750s ]
INFO: [ app_begin ] --END-- [ RunTime:0.001360s ]
ERR: 非法操作:setStatus

[ 2017-06-09T15:35:56+08:00 ] 172.16.67.0 /admin.php?c=admin&a=setStatus
INFO: [ app_begin ] --START--
INFO: Run Behavior\ReadHtmlCacheBehavior [ RunTime:0.000810s ]
INFO: [ app_begin ] --END-- [ RunTime:0.001333s ]
ERR: 非法操作:setStatus

[ 2017-06-09T15:46:28+08:00 ] 172.16.67.0 /admin.php?c=admin&a=setStatus
INFO: [ app_begin ] --START--
INFO: Run Behavior\ReadHtmlCacheBehavior [ RunTime:0.000477s ]
INFO: [ app_begin ] --END-- [ RunTime:0.000952s ]
NOTIC: [2048] Declaration of Admin\Controller\AdminController::setStatus() should be compatible with Admin\Controller\CommonController::setStatus($data, $model) /data/webroot/Application/Admin/Controller/AdminController.class.php 第 6 行.
SQL: SHOW COLUMNS FROM `cms_admin` [ RunTime:0.0008s ]
SQL: UPDATE `cms_admin` SET `status`='0' WHERE ( admin_id=4 ) [ RunTime:0.0004s ]

[ 2017-06-09T15:46:31+08:00 ] 172.16.67.0 /admin.php?c=admin&a=setStatus
INFO: [ app_begin ] --START--
INFO: Run Behavior\ReadHtmlCacheBehavior [ RunTime:0.000448s ]
INFO: [ app_begin ] --END-- [ RunTime:0.000805s ]
NOTIC: [2048] Declaration of Admin\Controller\AdminController::setStatus() should be compatible with Admin\Controller\CommonController::setStatus($data, $model) /data/webroot/Application/Admin/Controller/AdminController.class.php 第 6 行.
SQL: SHOW COLUMNS FROM `cms_admin` [ RunTime:0.0011s ]
SQL: UPDATE `cms_admin` SET `status`='1' WHERE ( admin_id=4 ) [ RunTime:0.0008s ]

[ 2017-06-09T15:47:25+08:00 ] 172.16.67.0 /admin.php?c=admin&a=setStatus
INFO: [ app_begin ] --START--
INFO: Run Behavior\ReadHtmlCacheBehavior [ RunTime:0.000826s ]
INFO: [ app_begin ] --END-- [ RunTime:0.001519s ]
NOTIC: [2048] Declaration of Admin\Controller\AdminController::setStatus() should be compatible with Admin\Controller\CommonController::setStatus($data, $model) /data/webroot/Application/Admin/Controller/AdminController.class.php 第 6 行.

[ 2017-06-09T15:48:15+08:00 ] 172.16.67.0 /admin.php?c=admin&a=setStatus
INFO: [ app_begin ] --START--
INFO: Run Behavior\ReadHtmlCacheBehavior [ RunTime:0.000537s ]
INFO: [ app_begin ] --END-- [ RunTime:0.000920s ]
NOTIC: [2048] Declaration of Admin\Controller\AdminController::setStatus() should be compatible with Admin\Controller\CommonController::setStatus($data, $model) /data/webroot/Application/Admin/Controller/AdminController.class.php 第 6 行.
SQL: SHOW COLUMNS FROM `cms_admin` [ RunTime:0.0008s ]
SQL: UPDATE `cms_admin` SET `status`='0' WHERE ( admin_id=4 ) [ RunTime:0.0003s ]

[ 2017-06-09T15:48:20+08:00 ] 172.16.67.0 /admin.php?c=admin&a=setStatus
INFO: [ app_begin ] --START--
INFO: Run Behavior\ReadHtmlCacheBehavior [ RunTime:0.000510s ]
INFO: [ app_begin ] --END-- [ RunTime:0.000931s ]
NOTIC: [2048] Declaration of Admin\Controller\AdminController::setStatus() should be compatible with Admin\Controller\CommonController::setStatus($data, $model) /data/webroot/Application/Admin/Controller/AdminController.class.php 第 6 行.
SQL: SHOW COLUMNS FROM `cms_admin` [ RunTime:0.0015s ]
SQL: UPDATE `cms_admin` SET `status`='1' WHERE ( admin_id=4 ) [ RunTime:0.0003s ]

[ 2017-06-09T15:57:43+08:00 ] 172.16.67.0 /admin.php?c=admin&a=setStatus
INFO: [ app_begin ] --START--
INFO: Run Behavior\ReadHtmlCacheBehavior [ RunTime:0.001136s ]
INFO: [ app_begin ] --END-- [ RunTime:0.002106s ]
NOTIC: [2048] Declaration of Admin\Controller\AdminController::setStatus() should be compatible with Admin\Controller\CommonController::setStatus($data, $model) /data/webroot/Application/Admin/Controller/AdminController.class.php 第 6 行.
SQL: SHOW COLUMNS FROM `cms_admin` [ RunTime:0.0007s ]
SQL: UPDATE `cms_admin` SET `status`='-1' WHERE ( admin_id=4 ) [ RunTime:0.0006s ]

[ 2017-06-09T15:57:57+08:00 ] 172.16.67.0 /admin.php?c=admin&a=add
INFO: [ app_begin ] --START--
INFO: Run Behavior\ReadHtmlCacheBehavior [ RunTime:0.000687s ]
INFO: [ app_begin ] --END-- [ RunTime:0.001155s ]
NOTIC: [2048] Declaration of Admin\Controller\AdminController::setStatus() should be compatible with Admin\Controller\CommonController::setStatus($data, $model) /data/webroot/Application/Admin/Controller/AdminController.class.php 第 6 行.
SQL: SHOW COLUMNS FROM `cms_admin` [ RunTime:0.0020s ]
NOTIC: [8] Undefined index: admin /data/webroot/Application/Admin/Controller/AdminController.class.php 第 28 行.
SQL: SELECT * FROM `cms_admin` WHERE ( username="" ) LIMIT 1   [ RunTime:0.0003s ]
SQL: INSERT INTO `cms_admin` (`username`,`password`,`realname`) VALUES ('Jason','3ee0f1b945796b620c72a88fb35356bb','JasonKit') [ RunTime:0.0002s ]

[ 2017-06-09T16:02:49+08:00 ] 172.16.67.0 /index.php?m=admin&c=login&a=check
INFO: [ app_begin ] --START--
INFO: Run Behavior\ReadHtmlCacheBehavior [ RunTime:0.000755s ]
INFO: [ app_begin ] --END-- [ RunTime:0.001213s ]
SQL: SHOW COLUMNS FROM `cms_admin` [ RunTime:0.0010s ]
SQL: SELECT * FROM `cms_admin` WHERE ( username="Jason" ) LIMIT 1   [ RunTime:0.0007s ]
ERR: Think\Model:updataAdminById方法不存在！

[ 2017-06-09T16:02:51+08:00 ] 172.16.67.0 /index.php?m=admin&c=login&a=check
INFO: [ app_begin ] --START--
INFO: Run Behavior\ReadHtmlCacheBehavior [ RunTime:0.000436s ]
INFO: [ app_begin ] --END-- [ RunTime:0.000790s ]
SQL: SHOW COLUMNS FROM `cms_admin` [ RunTime:0.0007s ]
SQL: SELECT * FROM `cms_admin` WHERE ( username="Jason" ) LIMIT 1   [ RunTime:0.0003s ]
ERR: Think\Model:updataAdminById方法不存在！

[ 2017-06-09T16:03:07+08:00 ] 172.16.67.0 /index.php?m=admin&c=login&a=check
INFO: [ app_begin ] --START--
INFO: Run Behavior\ReadHtmlCacheBehavior [ RunTime:0.000523s ]
INFO: [ app_begin ] --END-- [ RunTime:0.000921s ]
SQL: SHOW COLUMNS FROM `cms_admin` [ RunTime:0.0007s ]
SQL: SELECT * FROM `cms_admin` WHERE ( username="Jason" ) LIMIT 1   [ RunTime:0.0007s ]
SQL: UPDATE `cms_admin` SET `lastlogintime`='1496995387' WHERE ( admin_id=5 ) [ RunTime:0.0002s ]

[ 2017-06-09T16:15:48+08:00 ] 172.16.67.0 /admin.php?c=admin&a=personal
ERR: Think\Model:getAdminById方法不存在！

[ 2017-06-09T16:31:58+08:00 ] 172.16.67.0 /admin.php?c=admin&a=save
INFO: [ app_begin ] --START--
INFO: Run Behavior\ReadHtmlCacheBehavior [ RunTime:0.001275s ]
INFO: [ app_begin ] --END-- [ RunTime:0.002589s ]
NOTIC: [2048] Declaration of Admin\Controller\AdminController::setStatus() should be compatible with Admin\Controller\CommonController::setStatus($data, $model) /data/webroot/Application/Admin/Controller/AdminController.class.php 第 6 行.
SQL: SHOW COLUMNS FROM `cms_admin` [ RunTime:0.0009s ]
SQL: UPDATE `cms_admin` SET `realname`='JasonKit',`email`='jason@163.com' WHERE ( admin_id=5 ) [ RunTime:0.0007s ]

[ 2017-06-09T16:33:29+08:00 ] 172.16.67.0 /admin.php?c=admin&a=save
INFO: [ app_begin ] --START--
INFO: Run Behavior\ReadHtmlCacheBehavior [ RunTime:0.000499s ]
INFO: [ app_begin ] --END-- [ RunTime:0.000906s ]
NOTIC: [2048] Declaration of Admin\Controller\AdminController::setStatus() should be compatible with Admin\Controller\CommonController::setStatus($data, $model) /data/webroot/Application/Admin/Controller/AdminController.class.php 第 6 行.
SQL: SHOW COLUMNS FROM `cms_admin` [ RunTime:0.0007s ]
SQL: UPDATE `cms_admin` SET `realname`='JasonKK',`email`='' WHERE ( admin_id=5 ) [ RunTime:0.0003s ]

[ 2017-06-09T16:40:16+08:00 ] 172.16.67.0 /admin.php?c=admin&a=save
INFO: [ app_begin ] --START--
INFO: Run Behavior\ReadHtmlCacheBehavior [ RunTime:0.000473s ]
INFO: [ app_begin ] --END-- [ RunTime:0.000897s ]
NOTIC: [2048] Declaration of Admin\Controller\AdminController::setStatus() should be compatible with Admin\Controller\CommonController::setStatus($data, $model) /data/webroot/Application/Admin/Controller/AdminController.class.php 第 6 行.
SQL: SHOW COLUMNS FROM `cms_admin` [ RunTime:0.0008s ]
SQL: UPDATE `cms_admin` SET `realname`='JasonKK',`email`='jason@163.com' WHERE ( admin_id=5 ) [ RunTime:0.0003s ]

